<?xml version="1.0" encoding="UTF-8"?>
<!-- Generated by org.testng.reporters.JUnitReportReporter -->
<testsuite skipped="0" hostname="DESKTOP-P0O063R" name="Pruebas.Laboratorio3_E1" tests="1" failures="0" timestamp="2020-05-13T21:40:54 ART" time="0.992" errors="0">
  <testcase name="registroUsuario" time="0.992" classname="Pruebas.Laboratorio3_E1"/>
  <system-out/>
</testsuite> <!-- Pruebas.Laboratorio3_E1 -->
