<?xml version="1.0" encoding="UTF-8"?>
<!-- Generated by org.testng.reporters.JUnitReportReporter -->
<testsuite skipped="0" hostname="DESKTOP-P0O063R" name="Pruebas.Laboratorio4_E1" tests="4" failures="0" timestamp="2020-05-20T21:11:46 ART" time="5.785" errors="0">
  <testcase name="f" time="1.021" classname="Pruebas.Laboratorio4_E1"/>
  <system-out/>
  <testcase name="ingreso" time="1.607" classname="Pruebas.Laboratorio4_E1"/>
  <system-out/>
  <testcase name="ingreso" time="1.550" classname="Pruebas.Laboratorio4_E1"/>
  <system-out/>
  <testcase name="ingreso" time="1.607" classname="Pruebas.Laboratorio4_E1"/>
  <system-out/>
</testsuite> <!-- Pruebas.Laboratorio4_E1 -->
