<?xml version="1.0" encoding="UTF-8"?>
<!-- Generated by org.testng.reporters.JUnitReportReporter -->
<testsuite skipped="0" hostname="DESKTOP-P0O063R" name="Pruebas.Laboratorio3_E2" tests="2" failures="0" timestamp="2020-05-13T22:04:45 ART" time="3.162" errors="0">
  <testcase name="f" time="0.994" classname="Pruebas.Laboratorio3_E2"/>
  <system-out/>
  <testcase name="ingreso" time="2.168" classname="Pruebas.Laboratorio3_E2"/>
  <system-out/>
</testsuite> <!-- Pruebas.Laboratorio3_E2 -->
