<?xml version="1.0" encoding="UTF-8"?>
<!-- Generated by org.testng.reporters.JUnitReportReporter -->
<testsuite skipped="0" hostname="DESKTOP-P0O063R" name="Pruebas.Test_Laboratorio4_E1" tests="4" failures="0" timestamp="2020-05-20T22:17:44 ART" time="8.290" errors="0">
  <testcase name="f" time="1.077" classname="Pruebas.Test_Laboratorio4_E1"/>
  <system-out/>
  <testcase name="ingreso" time="2.079" classname="Pruebas.Test_Laboratorio4_E1"/>
  <system-out/>
  <testcase name="ingreso" time="2.870" classname="Pruebas.Test_Laboratorio4_E1"/>
  <system-out/>
  <testcase name="ingreso" time="2.264" classname="Pruebas.Test_Laboratorio4_E1"/>
  <system-out/>
</testsuite> <!-- Pruebas.Test_Laboratorio4_E1 -->
